app/build/outputs/logs/manifest-merger-debug-report.txt
-- Merging decision tree log ---
manifest
ADDED from src/main/AndroidManifest.xml:2:1-203:12
INJECTED from src/main/AndroidManifest.xml:2:1-203:12
INJECTED from src/main/AndroidManifest.xml:2:1-203:12
INJECTED from src/main/AndroidManifest.xml:2:1-203:12
MERGED from [com.android.support:support-v4:21.0.3] AndroidManifest.xml:14:4-17:12
INJECTED from src/main/AndroidManifest.xml:2:1-203:12
INJECTED from src/main/AndroidManifest.xml:2:1-203:12
INJECTED from src/main/AndroidManifest.xml:2:1-203:12
	package
		ADDED from src/main/AndroidManifest.xml:3:5-40
		INJECTED from src/main/AndroidManifest.xml
		INJECTED from src/main/AndroidManifest.xml
	android:versionName
		ADDED from src/main/AndroidManifest.xml:5:5-30
		INJECTED from src/main/AndroidManifest.xml
		INJECTED from src/main/AndroidManifest.xml
	xmlns:android
		ADDED from src/main/AndroidManifest.xml:2:11-69
	android:versionCode
		ADDED from src/main/AndroidManifest.xml:4:5-28
		INJECTED from src/main/AndroidManifest.xml
		INJECTED from src/main/AndroidManifest.xml
uses-sdk
ADDED from src/main/AndroidManifest.xml:7:5-9:41
INJECTED from src/main/AndroidManifest.xml:7:5-9:41
INJECTED from src/main/AndroidManifest.xml:7:5-9:41
MERGED from [com.android.support:support-v4:21.0.3] AndroidManifest.xml:15:5-42
MERGED from [com.android.support:support-v4:21.0.3] AndroidManifest.xml:15:5-42
INJECTED from src/main/AndroidManifest.xml:7:5-9:41
INJECTED from src/main/AndroidManifest.xml:7:5-9:41
	android:targetSdkVersion
		ADDED from src/main/AndroidManifest.xml:9:9-38
		INJECTED from src/main/AndroidManifest.xml
		INJECTED from src/main/AndroidManifest.xml
	android:minSdkVersion
		ADDED from src/main/AndroidManifest.xml:8:9-35
		INJECTED from src/main/AndroidManifest.xml
		INJECTED from src/main/AndroidManifest.xml
uses-permission#android.permission.ACCESS_NETWORK_STATE
ADDED from src/main/AndroidManifest.xml:12:5-79
	android:name
		ADDED from src/main/AndroidManifest.xml:12:22-76
uses-permission#android.permission.ACCESS_WIFI_STATE
ADDED from src/main/AndroidManifest.xml:13:5-76
	android:name
		ADDED from src/main/AndroidManifest.xml:13:22-73
uses-permission#android.permission.CHANGE_WIFI_STATE
ADDED from src/main/AndroidManifest.xml:14:5-76
	android:name
		ADDED from src/main/AndroidManifest.xml:14:22-73
uses-permission#android.permission.INTERNET
ADDED from src/main/AndroidManifest.xml:15:5-67
	android:name
		ADDED from src/main/AndroidManifest.xml:15:22-64
uses-permission#android.permission.WRITE_EXTERNAL_STORAGE
ADDED from src/main/AndroidManifest.xml:16:5-81
	android:name
		ADDED from src/main/AndroidManifest.xml:16:22-78
uses-permission#android.permission.MODIFY_AUDIO_SETTINGS
ADDED from src/main/AndroidManifest.xml:17:5-80
	android:name
		ADDED from src/main/AndroidManifest.xml:17:22-77
uses-feature#android.hardware.camera
ADDED from src/main/AndroidManifest.xml:19:5-60
	android:name
		ADDED from src/main/AndroidManifest.xml:19:19-57
uses-feature#android.hardware.camera.autofocus
ADDED from src/main/AndroidManifest.xml:20:5-70
	android:name
		ADDED from src/main/AndroidManifest.xml:20:19-67
uses-feature#android.permission.FLASHLIGHT
ADDED from src/main/AndroidManifest.xml:21:5-66
	android:name
		ADDED from src/main/AndroidManifest.xml:21:19-63
uses-feature#android.permission.HARDWARE_TEST
ADDED from src/main/AndroidManifest.xml:22:5-69
	android:name
		ADDED from src/main/AndroidManifest.xml:22:19-66
uses-permission#android.permission.CAMERA
ADDED from src/main/AndroidManifest.xml:24:5-65
	android:name
		ADDED from src/main/AndroidManifest.xml:24:22-62
uses-permission#android.permission.CALL_PHONE
ADDED from src/main/AndroidManifest.xml:25:5-69
	android:name
		ADDED from src/main/AndroidManifest.xml:25:22-66
uses-permission#android.permission.SEND_SMS
ADDED from src/main/AndroidManifest.xml:26:5-67
	android:name
		ADDED from src/main/AndroidManifest.xml:26:22-64
uses-permission#android.permission.VIBRATE
ADDED from src/main/AndroidManifest.xml:27:5-66
	android:name
		ADDED from src/main/AndroidManifest.xml:27:22-63
uses-permission#android.permission.READ_CONTACTS
ADDED from src/main/AndroidManifest.xml:28:5-72
	android:name
		ADDED from src/main/AndroidManifest.xml:28:22-69
application
ADDED from src/main/AndroidManifest.xml:30:5-201:19
MERGED from [com.android.support:support-v4:21.0.3] AndroidManifest.xml:16:5-19
MERGED from [com.android.support:support-v4:21.0.3] AndroidManifest.xml:16:5-19
	android:label
		ADDED from src/main/AndroidManifest.xml:33:9-41
	android:icon
		ADDED from src/main/AndroidManifest.xml:32:9-38
	android:allowBackup
		ADDED from src/main/AndroidManifest.xml:31:9-35
	android:theme
		ADDED from src/main/AndroidManifest.xml:34:9-40
activity#com.example.jinglinzichan.activity.Loading
ADDED from src/main/AndroidManifest.xml:35:9-43:20
	android:label
		ADDED from src/main/AndroidManifest.xml:37:13-45
	android:name
		ADDED from src/main/AndroidManifest.xml:36:13-70
intent-filter#android.intent.action.MAIN+android.intent.category.LAUNCHER
ADDED from src/main/AndroidManifest.xml:38:13-42:29
action#android.intent.action.MAIN
ADDED from src/main/AndroidManifest.xml:39:17-69
	android:name
		ADDED from src/main/AndroidManifest.xml:39:25-66
category#android.intent.category.LAUNCHER
ADDED from src/main/AndroidManifest.xml:41:17-77
	android:name
		ADDED from src/main/AndroidManifest.xml:41:27-74
activity#com.example.jinglinzichan.MainActivity
ADDED from src/main/AndroidManifest.xml:44:9-48:55
	android:screenOrientation
		ADDED from src/main/AndroidManifest.xml:47:13-49
	android:label
		ADDED from src/main/AndroidManifest.xml:46:13-45
	android:windowSoftInputMode
		ADDED from src/main/AndroidManifest.xml:48:13-52
	android:name
		ADDED from src/main/AndroidManifest.xml:45:13-66
activity#com.example.jinglinzichan.activity.TouBiaoJiLu
ADDED from src/main/AndroidManifest.xml:49:9-52:55
	android:screenOrientation
		ADDED from src/main/AndroidManifest.xml:51:13-49
	android:windowSoftInputMode
		ADDED from src/main/AndroidManifest.xml:52:13-52
	android:name
		ADDED from src/main/AndroidManifest.xml:50:13-74
activity#com.example.jinglinzichan.activity.YiFaBuXinXi
ADDED from src/main/AndroidManifest.xml:53:9-56:55
	android:screenOrientation
		ADDED from src/main/AndroidManifest.xml:55:13-49
	android:windowSoftInputMode
		ADDED from src/main/AndroidManifest.xml:56:13-52
	android:name
		ADDED from src/main/AndroidManifest.xml:54:13-74
activity#com.example.jinglinzichan.activity.ZhangHuXinXi
ADDED from src/main/AndroidManifest.xml:57:9-60:55
	android:screenOrientation
		ADDED from src/main/AndroidManifest.xml:59:13-49
	android:windowSoftInputMode
		ADDED from src/main/AndroidManifest.xml:60:13-52
	android:name
		ADDED from src/main/AndroidManifest.xml:58:13-75
activity#com.example.jinglinzichan.activity.FundDetails
ADDED from src/main/AndroidManifest.xml:61:9-64:55
	android:screenOrientation
		ADDED from src/main/AndroidManifest.xml:63:13-49
	android:windowSoftInputMode
		ADDED from src/main/AndroidManifest.xml:64:13-52
	android:name
		ADDED from src/main/AndroidManifest.xml:62:13-74
activity#com.example.jinglinzichan.activity.ModifyLoginPassword
ADDED from src/main/AndroidManifest.xml:65:9-68:55
	android:screenOrientation
		ADDED from src/main/AndroidManifest.xml:67:13-49
	android:windowSoftInputMode
		ADDED from src/main/AndroidManifest.xml:68:13-52
	android:name
		ADDED from src/main/AndroidManifest.xml:66:13-82
activity#com.example.jinglinzichan.activity.SheZhiZhiFuMiMa
ADDED from src/main/AndroidManifest.xml:69:9-72:55
	android:screenOrientation
		ADDED from src/main/AndroidManifest.xml:71:13-49
	android:windowSoftInputMode
		ADDED from src/main/AndroidManifest.xml:72:13-52
	android:name
		ADDED from src/main/AndroidManifest.xml:70:13-78
activity#com.example.jinglinzichan.activity.MyBankCard
ADDED from src/main/AndroidManifest.xml:73:9-76:55
	android:screenOrientation
		ADDED from src/main/AndroidManifest.xml:75:13-49
	android:windowSoftInputMode
		ADDED from src/main/AndroidManifest.xml:76:13-52
	android:name
		ADDED from src/main/AndroidManifest.xml:74:13-73
activity#com.example.jinglinzichan.activity.WelcomeActivity
ADDED from src/main/AndroidManifest.xml:77:9-80:20
	android:screenOrientation
		ADDED from src/main/AndroidManifest.xml:78:13-49
	android:windowSoftInputMode
		ADDED from src/main/AndroidManifest.xml:79:13-52
	android:name
		ADDED from src/main/AndroidManifest.xml:77:19-59
activity#com.example.jinglinzichan.activity.TianJiaYinHangKa
ADDED from src/main/AndroidManifest.xml:81:9-84:55
	android:screenOrientation
		ADDED from src/main/AndroidManifest.xml:83:13-49
	android:windowSoftInputMode
		ADDED from src/main/AndroidManifest.xml:84:13-52
	android:name
		ADDED from src/main/AndroidManifest.xml:82:13-79
activity#com.example.jinglinzichan.activity.Recharge
ADDED from src/main/AndroidManifest.xml:85:9-88:55
	android:screenOrientation
		ADDED from src/main/AndroidManifest.xml:87:13-49
	android:windowSoftInputMode
		ADDED from src/main/AndroidManifest.xml:88:13-52
	android:name
		ADDED from src/main/AndroidManifest.xml:86:13-71
activity#com.example.jinglinzichan.activity.Withdrawals
ADDED from src/main/AndroidManifest.xml:89:9-92:55
	android:screenOrientation
		ADDED from src/main/AndroidManifest.xml:91:13-49
	android:windowSoftInputMode
		ADDED from src/main/AndroidManifest.xml:92:13-52
	android:name
		ADDED from src/main/AndroidManifest.xml:90:13-74
activity#com.example.jinglinzichan.activity.RealNameAuthentication
ADDED from src/main/AndroidManifest.xml:93:9-96:55
	android:screenOrientation
		ADDED from src/main/AndroidManifest.xml:95:13-49
	android:windowSoftInputMode
		ADDED from src/main/AndroidManifest.xml:96:13-52
	android:name
		ADDED from src/main/AndroidManifest.xml:94:13-85
activity#com.example.jinglinzichan.activity.XiuGaiShouJi
ADDED from src/main/AndroidManifest.xml:97:9-100:55
	android:screenOrientation
		ADDED from src/main/AndroidManifest.xml:99:13-49
	android:windowSoftInputMode
		ADDED from src/main/AndroidManifest.xml:100:13-52
	android:name
		ADDED from src/main/AndroidManifest.xml:98:13-75
activity#com.example.jinglinzichan.activity.ChangHuanDaiKuan
ADDED from src/main/AndroidManifest.xml:101:9-104:55
	android:screenOrientation
		ADDED from src/main/AndroidManifest.xml:103:13-49
	android:windowSoftInputMode
		ADDED from src/main/AndroidManifest.xml:104:13-52
	android:name
		ADDED from src/main/AndroidManifest.xml:102:13-79
activity#com.example.jinglinzichan.activity.OptionBank
ADDED from src/main/AndroidManifest.xml:105:9-108:55
	android:screenOrientation
		ADDED from src/main/AndroidManifest.xml:107:13-49
	android:windowSoftInputMode
		ADDED from src/main/AndroidManifest.xml:108:13-52
	android:name
		ADDED from src/main/AndroidManifest.xml:106:13-73
activity#com.example.jinglinzichan.activity.ChongZhi_Content
ADDED from src/main/AndroidManifest.xml:109:9-112:55
	android:screenOrientation
		ADDED from src/main/AndroidManifest.xml:111:13-49
	android:windowSoftInputMode
		ADDED from src/main/AndroidManifest.xml:112:13-52
	android:name
		ADDED from src/main/AndroidManifest.xml:110:13-79
activity#com.example.jinglinzichan.activity.ChangHuan_Content
ADDED from src/main/AndroidManifest.xml:113:9-116:55
	android:screenOrientation
		ADDED from src/main/AndroidManifest.xml:115:13-49
	android:windowSoftInputMode
		ADDED from src/main/AndroidManifest.xml:116:13-52
	android:name
		ADDED from src/main/AndroidManifest.xml:114:13-80
activity#com.example.jinglinzichan.activity.GuanYuWoMen
ADDED from src/main/AndroidManifest.xml:117:9-120:55
	android:screenOrientation
		ADDED from src/main/AndroidManifest.xml:119:13-49
	android:windowSoftInputMode
		ADDED from src/main/AndroidManifest.xml:120:13-52
	android:name
		ADDED from src/main/AndroidManifest.xml:118:13-74
activity#com.example.jinglinzichan.activity.Notice
ADDED from src/main/AndroidManifest.xml:121:9-124:55
	android:screenOrientation
		ADDED from src/main/AndroidManifest.xml:123:13-49
	android:windowSoftInputMode
		ADDED from src/main/AndroidManifest.xml:124:13-52
	android:name
		ADDED from src/main/AndroidManifest.xml:122:13-69
activity#com.example.jinglinzichan.activity.ChangHuan_Web
ADDED from src/main/AndroidManifest.xml:125:9-128:55
	android:screenOrientation
		ADDED from src/main/AndroidManifest.xml:127:13-49
	android:windowSoftInputMode
		ADDED from src/main/AndroidManifest.xml:128:13-52
	android:name
		ADDED from src/main/AndroidManifest.xml:126:13-76
activity#com.example.jinglinzichan.activity.Login
ADDED from src/main/AndroidManifest.xml:129:9-132:55
	android:screenOrientation
		ADDED from src/main/AndroidManifest.xml:131:13-49
	android:windowSoftInputMode
		ADDED from src/main/AndroidManifest.xml:132:13-52
	android:name
		ADDED from src/main/AndroidManifest.xml:130:13-68
activity#com.example.jinglinzichan.activity.Forgot
ADDED from src/main/AndroidManifest.xml:133:9-136:55
	android:screenOrientation
		ADDED from src/main/AndroidManifest.xml:135:13-49
	android:windowSoftInputMode
		ADDED from src/main/AndroidManifest.xml:136:13-52
	android:name
		ADDED from src/main/AndroidManifest.xml:134:13-69
activity#com.example.jinglinzichan.activity.Register
ADDED from src/main/AndroidManifest.xml:137:9-140:55
	android:screenOrientation
		ADDED from src/main/AndroidManifest.xml:139:13-49
	android:windowSoftInputMode
		ADDED from src/main/AndroidManifest.xml:140:13-52
	android:name
		ADDED from src/main/AndroidManifest.xml:138:13-71
activity#com.example.jinglinzichan.activity.XiangQing
ADDED from src/main/AndroidManifest.xml:141:9-144:55
	android:screenOrientation
		ADDED from src/main/AndroidManifest.xml:143:13-49
	android:windowSoftInputMode
		ADDED from src/main/AndroidManifest.xml:144:13-52
	android:name
		ADDED from src/main/AndroidManifest.xml:142:13-72
activity#com.example.jinglinzichan.activity.ConfirmTender
ADDED from src/main/AndroidManifest.xml:145:9-148:55
	android:screenOrientation
		ADDED from src/main/AndroidManifest.xml:147:13-49
	android:windowSoftInputMode
		ADDED from src/main/AndroidManifest.xml:148:13-52
	android:name
		ADDED from src/main/AndroidManifest.xml:146:13-76
activity#com.example.jinglinzichan.activity.QueRenTouBiao_Web
ADDED from src/main/AndroidManifest.xml:149:9-152:55
	android:screenOrientation
		ADDED from src/main/AndroidManifest.xml:151:13-49
	android:windowSoftInputMode
		ADDED from src/main/AndroidManifest.xml:152:13-52
	android:name
		ADDED from src/main/AndroidManifest.xml:150:13-80
activity#com.example.jinglinzichan.activity.InformationDetails
ADDED from src/main/AndroidManifest.xml:153:9-156:55
	android:screenOrientation
		ADDED from src/main/AndroidManifest.xml:155:13-49
	android:windowSoftInputMode
		ADDED from src/main/AndroidManifest.xml:156:13-52
	android:name
		ADDED from src/main/AndroidManifest.xml:154:13-81
activity#com.example.jinglinzichan.activity.QuickPayment
ADDED from src/main/AndroidManifest.xml:157:9-160:55
	android:screenOrientation
		ADDED from src/main/AndroidManifest.xml:159:13-49
	android:windowSoftInputMode
		ADDED from src/main/AndroidManifest.xml:160:13-52
	android:name
		ADDED from src/main/AndroidManifest.xml:158:13-75
activity#com.example.jinglinzichan.activity.HelpCenter
ADDED from src/main/AndroidManifest.xml:161:9-164:55
	android:screenOrientation
		ADDED from src/main/AndroidManifest.xml:163:13-49
	android:windowSoftInputMode
		ADDED from src/main/AndroidManifest.xml:164:13-52
	android:name
		ADDED from src/main/AndroidManifest.xml:162:13-73
activity#com.example.jinglinzichan.activity.OpenAnAccount
ADDED from src/main/AndroidManifest.xml:165:9-168:55
	android:screenOrientation
		ADDED from src/main/AndroidManifest.xml:167:13-49
	android:windowSoftInputMode
		ADDED from src/main/AndroidManifest.xml:168:13-52
	android:name
		ADDED from src/main/AndroidManifest.xml:166:13-76
activity#com.example.jinglinzichan.activity.AboutUs
ADDED from src/main/AndroidManifest.xml:169:9-172:55
	android:screenOrientation
		ADDED from src/main/AndroidManifest.xml:171:13-49
	android:windowSoftInputMode
		ADDED from src/main/AndroidManifest.xml:172:13-52
	android:name
		ADDED from src/main/AndroidManifest.xml:170:13-70
activity#com.example.jinglinzichan.activity.SafetyGuarantee
ADDED from src/main/AndroidManifest.xml:173:9-176:55
	android:screenOrientation
		ADDED from src/main/AndroidManifest.xml:175:13-49
	android:windowSoftInputMode
		ADDED from src/main/AndroidManifest.xml:176:13-52
	android:name
		ADDED from src/main/AndroidManifest.xml:174:13-78
activity#com.example.jinglinzichan.activity.AddBankCard
ADDED from src/main/AndroidManifest.xml:177:9-180:55
	android:screenOrientation
		ADDED from src/main/AndroidManifest.xml:179:13-49
	android:windowSoftInputMode
		ADDED from src/main/AndroidManifest.xml:180:13-52
	android:name
		ADDED from src/main/AndroidManifest.xml:178:13-74
activity#com.example.jinglinzichan.activity.ConfirmTenderWeb
ADDED from src/main/AndroidManifest.xml:181:9-184:55
	android:screenOrientation
		ADDED from src/main/AndroidManifest.xml:183:13-49
	android:windowSoftInputMode
		ADDED from src/main/AndroidManifest.xml:184:13-52
	android:name
		ADDED from src/main/AndroidManifest.xml:182:13-79
activity#com.example.jinglinzichan.activity.NoticeDetails
ADDED from src/main/AndroidManifest.xml:185:9-188:55
	android:screenOrientation
		ADDED from src/main/AndroidManifest.xml:187:13-49
	android:windowSoftInputMode
		ADDED from src/main/AndroidManifest.xml:188:13-52
	android:name
		ADDED from src/main/AndroidManifest.xml:186:13-76
activity#com.example.jinglinzichan.activity.MyInvitation
ADDED from src/main/AndroidManifest.xml:189:9-192:55
	android:screenOrientation
		ADDED from src/main/AndroidManifest.xml:191:13-49
	android:windowSoftInputMode
		ADDED from src/main/AndroidManifest.xml:192:13-52
	android:name
		ADDED from src/main/AndroidManifest.xml:190:13-75
activity#com.example.jinglinzichan.activity.TheYear
ADDED from src/main/AndroidManifest.xml:193:9-196:55
	android:screenOrientation
		ADDED from src/main/AndroidManifest.xml:195:13-49
	android:windowSoftInputMode
		ADDED from src/main/AndroidManifest.xml:196:13-52
	android:name
		ADDED from src/main/AndroidManifest.xml:194:13-70
activity#com.example.jinglinzichan.activity.ServiceAgreement
ADDED from src/main/AndroidManifest.xml:197:9-200:55
	android:screenOrientation
		ADDED from src/main/AndroidManifest.xml:199:13-49
	android:windowSoftInputMode
		ADDED from src/main/AndroidManifest.xml:200:13-52
	android:name
		ADDED from src/main/AndroidManifest.xml:198:13-79